<?xml version="1.0" encoding="UTF-8"?>
<testng-results total="5" passed="5" failed="0" skipped="0">
  <reporter-output>
  </reporter-output>
  <suite started-at="2021-08-02T13:01:16Z" name="NegativeTestSuite" finished-at="2021-08-02T13:01:56Z" duration-ms="39490">
    <groups>
    </groups>
    <test started-at="2021-08-02T13:01:16Z" name="NegativeUsernameTest-CH" finished-at="2021-08-02T13:01:23Z" duration-ms="6816">
      <class name="com.herokuapp.Theinternet.Login.NegativeLoginTests">
        <test-method is-config="true" signature="setUp(java.lang.String)[pri:0, instance:com.herokuapp.Theinternet.Login.NegativeLoginTests@1b68b9a4]" started-at="2021-08-02T18:31:16Z" name="setUp" finished-at="2021-08-02T18:31:18Z" duration-ms="2031" status="PASS">
          <params>
            <param index="0">
              <value>
                <![CDATA[chrome]]>
              </value>
            </param>
          </params>
          <reporter-output>
          </reporter-output>
        </test-method> <!-- setUp -->
        <test-method signature="negativeTest(java.lang.String, java.lang.String, java.lang.String)[pri:1, instance:com.herokuapp.Theinternet.Login.NegativeLoginTests@1b68b9a4]" started-at="2021-08-02T18:31:18Z" name="negativeTest" finished-at="2021-08-02T18:31:23Z" duration-ms="4512" status="PASS">
          <params>
            <param index="0">
              <value>
                <![CDATA[incorrectUsername]]>
              </value>
            </param>
            <param index="1">
              <value>
                <![CDATA[SuperSecretPassword!]]>
              </value>
            </param>
            <param index="2">
              <value>
                <![CDATA[Your username is invalid!]]>
              </value>
            </param>
          </params>
          <reporter-output>
          </reporter-output>
        </test-method> <!-- negativeTest -->
        <test-method is-config="true" signature="tearDown()[pri:0, instance:com.herokuapp.Theinternet.Login.NegativeLoginTests@1b68b9a4]" started-at="2021-08-02T18:31:23Z" name="tearDown" finished-at="2021-08-02T18:31:23Z" duration-ms="263" status="PASS">
          <reporter-output>
          </reporter-output>
        </test-method> <!-- tearDown -->
      </class> <!-- com.herokuapp.Theinternet.Login.NegativeLoginTests -->
    </test> <!-- NegativeUsernameTest-CH -->
    <test started-at="2021-08-02T13:01:23Z" name="NegativeUsernameTest-FF" finished-at="2021-08-02T13:01:38Z" duration-ms="15248">
      <class name="com.herokuapp.Theinternet.Login.NegativeLoginTests">
        <test-method is-config="true" signature="setUp(java.lang.String)[pri:0, instance:com.herokuapp.Theinternet.Login.NegativeLoginTests@41ee392b]" started-at="2021-08-02T18:31:23Z" name="setUp" finished-at="2021-08-02T18:31:29Z" duration-ms="6230" status="PASS">
          <params>
            <param index="0">
              <value>
                <![CDATA[firefox]]>
              </value>
            </param>
          </params>
          <reporter-output>
          </reporter-output>
        </test-method> <!-- setUp -->
        <test-method signature="negativeTest(java.lang.String, java.lang.String, java.lang.String)[pri:1, instance:com.herokuapp.Theinternet.Login.NegativeLoginTests@41ee392b]" started-at="2021-08-02T18:31:29Z" name="negativeTest" finished-at="2021-08-02T18:31:37Z" duration-ms="7818" status="PASS">
          <params>
            <param index="0">
              <value>
                <![CDATA[incorrectUsername]]>
              </value>
            </param>
            <param index="1">
              <value>
                <![CDATA[SuperSecretPassword!]]>
              </value>
            </param>
            <param index="2">
              <value>
                <![CDATA[Your username is invalid!]]>
              </value>
            </param>
          </params>
          <reporter-output>
          </reporter-output>
        </test-method> <!-- negativeTest -->
        <test-method is-config="true" signature="tearDown()[pri:0, instance:com.herokuapp.Theinternet.Login.NegativeLoginTests@41ee392b]" started-at="2021-08-02T18:31:37Z" name="tearDown" finished-at="2021-08-02T18:31:38Z" duration-ms="1199" status="PASS">
          <reporter-output>
          </reporter-output>
        </test-method> <!-- tearDown -->
      </class> <!-- com.herokuapp.Theinternet.Login.NegativeLoginTests -->
    </test> <!-- NegativeUsernameTest-FF -->
    <test started-at="2021-08-02T13:01:38Z" name="NegativePasswordTest-CH" finished-at="2021-08-02T13:01:44Z" duration-ms="5659">
      <class name="com.herokuapp.Theinternet.Login.NegativeLoginTests">
        <test-method is-config="true" signature="setUp(java.lang.String)[pri:0, instance:com.herokuapp.Theinternet.Login.NegativeLoginTests@6ee12bac]" started-at="2021-08-02T18:31:38Z" name="setUp" finished-at="2021-08-02T18:31:39Z" duration-ms="929" status="PASS">
          <params>
            <param index="0">
              <value>
                <![CDATA[chrome]]>
              </value>
            </param>
          </params>
          <reporter-output>
          </reporter-output>
        </test-method> <!-- setUp -->
        <test-method signature="negativeTest(java.lang.String, java.lang.String, java.lang.String)[pri:1, instance:com.herokuapp.Theinternet.Login.NegativeLoginTests@6ee12bac]" started-at="2021-08-02T18:31:39Z" name="negativeTest" finished-at="2021-08-02T18:31:44Z" duration-ms="4523" status="PASS">
          <params>
            <param index="0">
              <value>
                <![CDATA[tomsmith]]>
              </value>
            </param>
            <param index="1">
              <value>
                <![CDATA[incorrectPassword]]>
              </value>
            </param>
            <param index="2">
              <value>
                <![CDATA[Your password is invalid!]]>
              </value>
            </param>
          </params>
          <reporter-output>
          </reporter-output>
        </test-method> <!-- negativeTest -->
        <test-method is-config="true" signature="tearDown()[pri:0, instance:com.herokuapp.Theinternet.Login.NegativeLoginTests@6ee12bac]" started-at="2021-08-02T18:31:44Z" name="tearDown" finished-at="2021-08-02T18:31:44Z" duration-ms="206" status="PASS">
          <reporter-output>
          </reporter-output>
        </test-method> <!-- tearDown -->
      </class> <!-- com.herokuapp.Theinternet.Login.NegativeLoginTests -->
    </test> <!-- NegativePasswordTest-CH -->
    <test started-at="2021-08-02T13:01:44Z" name="NegativePasswordTest-FF" finished-at="2021-08-02T13:01:56Z" duration-ms="11650">
      <class name="com.herokuapp.Theinternet.Login.NegativeLoginTests">
        <test-method is-config="true" signature="setUp(java.lang.String)[pri:0, instance:com.herokuapp.Theinternet.Login.NegativeLoginTests@75f9eccc]" started-at="2021-08-02T18:31:44Z" name="setUp" finished-at="2021-08-02T18:31:48Z" duration-ms="4403" status="PASS">
          <params>
            <param index="0">
              <value>
                <![CDATA[firefox]]>
              </value>
            </param>
          </params>
          <reporter-output>
          </reporter-output>
        </test-method> <!-- setUp -->
        <test-method signature="negativeTest(java.lang.String, java.lang.String, java.lang.String)[pri:1, instance:com.herokuapp.Theinternet.Login.NegativeLoginTests@75f9eccc]" started-at="2021-08-02T18:31:48Z" name="negativeTest" finished-at="2021-08-02T18:31:55Z" duration-ms="6315" status="PASS">
          <params>
            <param index="0">
              <value>
                <![CDATA[tomsmith]]>
              </value>
            </param>
            <param index="1">
              <value>
                <![CDATA[incorrectPassword]]>
              </value>
            </param>
            <param index="2">
              <value>
                <![CDATA[Your password is invalid!]]>
              </value>
            </param>
          </params>
          <reporter-output>
          </reporter-output>
        </test-method> <!-- negativeTest -->
        <test-method is-config="true" signature="tearDown()[pri:0, instance:com.herokuapp.Theinternet.Login.NegativeLoginTests@75f9eccc]" started-at="2021-08-02T18:31:55Z" name="tearDown" finished-at="2021-08-02T18:31:56Z" duration-ms="931" status="PASS">
          <reporter-output>
          </reporter-output>
        </test-method> <!-- tearDown -->
      </class> <!-- com.herokuapp.Theinternet.Login.NegativeLoginTests -->
    </test> <!-- NegativePasswordTest-FF -->
  </suite> <!-- NegativeTestSuite -->
  <suite started-at="2021-08-02T13:01:56Z" name="PositiveLoginTestSuite" finished-at="2021-08-02T13:02:02Z" duration-ms="6024">
    <groups>
    </groups>
    <test started-at="2021-08-02T13:01:56Z" name="PositiveLoginTest" finished-at="2021-08-02T13:02:02Z" duration-ms="6024">
      <class name="com.herokuapp.Theinternet.Login.PositiveLoginTests">
        <test-method signature="logInTest()[pri:0, instance:com.herokuapp.Theinternet.Login.PositiveLoginTests@29f69090]" started-at="2021-08-02T18:31:56Z" name="logInTest" finished-at="2021-08-02T18:32:02Z" duration-ms="6023" status="PASS">
          <reporter-output>
          </reporter-output>
        </test-method> <!-- logInTest -->
      </class> <!-- com.herokuapp.Theinternet.Login.PositiveLoginTests -->
    </test> <!-- PositiveLoginTest -->
  </suite> <!-- PositiveLoginTestSuite -->
</testng-results>
