<?xml version="1.0" encoding="UTF-8"?>
<testsuite xmlns:xsi="http://www.w3.org/2001/XMLSchema-instance" xsi:noNamespaceSchemaLocation="https://maven.apache.org/surefire/maven-surefire-plugin/xsd/surefire-test-report-3.0.xsd" version="3.0" name="TestSuite" time="46.212" tests="5" errors="0" skipped="0" failures="0">
  <properties>
[...]
</properties>
  <testcase name="negativeTest[incorrectUsername, SuperSecretPassword!, Your username is invalid!](1)" classname="com.herokuapp.Theinternet.Login.NegativeLoginTests" time="4.478">
    <system-out><![CDATA[Create driver: chrome
Starting negativeTest
Main page is opened.
]]></system-out>
    <system-err><![CDATA[Starting ChromeDriver 92.0.4515.43 (8c61b7e2989f2990d42f859cac71319137787cce-refs/branch-heads/4515@{#306}) on port 36724
Only local connections are allowed.
Please see https://chromedriver.chromium.org/security-considerations for suggestions on keeping ChromeDriver safe.
ChromeDriver was started successfully.
Aug 02, 2021 6:31:18 PM org.openqa.selenium.remote.ProtocolHandshake createSession
INFO: Detected dialect: W3C
]]></system-err>
  </testcase>
  <testcase name="negativeTest[incorrectUsername, SuperSecretPassword!, Your username is invalid!](1)" classname="com.herokuapp.Theinternet.Login.NegativeLoginTests" time="7.701">
    <system-out><![CDATA[Close driver
Create driver: firefox
Starting negativeTest
Main page is opened.
]]></system-out>
    <system-err><![CDATA[1627909283678	geckodriver	INFO	Listening on 127.0.0.1:14276
1627909283696	mozrunner::runner	INFO	Running command: "C:\\Program Files\\Mozilla Firefox\\firefox.exe" "--marionette" "-foreground" "-no-remote" "-profile" "C:\\Users\\Manish\\AppData\\Local\\Temp\\rust_mozprofilepO7yWO"
1627909284451	Marionette	INFO	Marionette enabled
console.warn: SearchSettings: "get: No settings file exists, new profile?" (new NotFoundError("Could not open the file at C:\\Users\\Manish\\AppData\\Local\\Temp\\rust_mozprofilepO7yWO\\search.json.mozlz4", (void 0)))
1627909289138	Marionette	INFO	Listening on port 61405

###!!! [Child][MessageChannel] Error: (msgtype=0x39009A,name=PContent::Msg_InitBackground) Channel closing: too late to send/recv, messages will be lost


###!!! [Child][MessageChannel] Error: (msgtype=0x39009A,name=PContent::Msg_InitBackground) Channel closing: too late to send/recv, messages will be lost

1627909289815	Marionette	WARN	TLS certificate errors will be ignored for this session
Aug 02, 2021 6:31:29 PM org.openqa.selenium.remote.ProtocolHandshake createSession
INFO: Detected dialect: W3C
]]></system-err>
  </testcase>
  <testcase name="negativeTest[tomsmith, incorrectPassword, Your password is invalid!](1)" classname="com.herokuapp.Theinternet.Login.NegativeLoginTests" time="4.468">
    <system-out><![CDATA[Close driver
Create driver: chrome
Starting negativeTest
Main page is opened.
]]></system-out>
    <system-err><![CDATA[1627909297658	Marionette	INFO	Stopped listening on port 61405
Starting ChromeDriver 92.0.4515.43 (8c61b7e2989f2990d42f859cac71319137787cce-refs/branch-heads/4515@{#306}) on port 26857
Only local connections are allowed.
Please see https://chromedriver.chromium.org/security-considerations for suggestions on keeping ChromeDriver safe.
ChromeDriver was started successfully.
Aug 02, 2021 6:31:39 PM org.openqa.selenium.remote.ProtocolHandshake createSession
INFO: Detected dialect: W3C
]]></system-err>
  </testcase>
  <testcase name="negativeTest[tomsmith, incorrectPassword, Your password is invalid!](1)" classname="com.herokuapp.Theinternet.Login.NegativeLoginTests" time="6.244">
    <system-out><![CDATA[Close driver
Create driver: firefox
Starting negativeTest
Main page is opened.
]]></system-out>
    <system-err><![CDATA[1627909304577	geckodriver	INFO	Listening on 127.0.0.1:3255
1627909304592	mozrunner::runner	INFO	Running command: "C:\\Program Files\\Mozilla Firefox\\firefox.exe" "--marionette" "-foreground" "-no-remote" "-profile" "C:\\Users\\Manish\\AppData\\Local\\Temp\\rust_mozprofilenzr7lM"
1627909304919	Marionette	INFO	Marionette enabled
console.warn: SearchSettings: "get: No settings file exists, new profile?" (new NotFoundError("Could not open the file at C:\\Users\\Manish\\AppData\\Local\\Temp\\rust_mozprofilenzr7lM\\search.json.mozlz4", (void 0)))
1627909308579	Marionette	INFO	Listening on port 52864

###!!! [Child][MessageChannel] Error: (msgtype=0x390147,name=PContent::Msg_AsyncMessage) Channel closing: too late to send/recv, messages will be lost


###!!! [Child][RunMessage] Error: Channel closing: too late to send/recv, messages will be lost


###!!! [Child][RunMessage] Error: Channel closing: too late to send/recv, messages will be lost


###!!! [Child][MessageChannel] Error: (msgtype=0x39009A,name=PContent::Msg_InitBackground) Channel closing: too late to send/recv, messages will be lost


###!!! [Child][MessageChannel] Error: (msgtype=0x39009A,name=PContent::Msg_InitBackground) Channel closing: too late to send/recv, messages will be lost


###!!! [Child][MessageChannel] Error: (msgtype=0x3900D6,name=PContent::Msg_ScriptErrorWithStack) Channel closing: too late to send/recv, messages will be lost


###!!! [Child][MessageChannel] Error: (msgtype=0x3900D6,name=PContent::Msg_ScriptErrorWithStack) Channel closing: too late to send/recv, messages will be lost


###!!! [Child][MessageChannel] Error: (msgtype=0x3900D6,name=PContent::Msg_ScriptErrorWithStack) Channel closing: too late to send/recv, messages will be lost

1627909308918	Marionette	WARN	TLS certificate errors will be ignored for this session
Aug 02, 2021 6:31:48 PM org.openqa.selenium.remote.ProtocolHandshake createSession
INFO: Detected dialect: W3C
]]></system-err>
  </testcase>
  <testcase name="logInTest" classname="com.herokuapp.Theinternet.Login.PositiveLoginTests" time="6.031">
    <system-out><![CDATA[Close driver
Starting logIn test
Main page is opened.
]]></system-out>
    <system-err><![CDATA[1627909315264	Marionette	INFO	Stopped listening on port 52864
Starting ChromeDriver 92.0.4515.43 (8c61b7e2989f2990d42f859cac71319137787cce-refs/branch-heads/4515@{#306}) on port 10602
Only local connections are allowed.
Please see https://chromedriver.chromium.org/security-considerations for suggestions on keeping ChromeDriver safe.
ChromeDriver was started successfully.
Aug 02, 2021 6:31:56 PM org.openqa.selenium.remote.ProtocolHandshake createSession
INFO: Detected dialect: W3C
]]></system-err>
  </testcase>
</testsuite>